Release 13.1 - ngc2edif O.40d (nt64)
Copyright (c) 1995-2011 Xilinx, Inc.  All rights reserved.
Reading design BINARYTOGRAY.ngc ...
WARNING:NetListWriters:298 - No output is written to BINARYTOGRAY.xncf, ignored.
Processing design ...
   Preping design's networks ...
   Preping design's macros ...
  finished :Prep
Writing EDIF netlist file BINARYTOGRAY.edif ...
ngc2edif: Total memory usage is 70024 kilobytes

Release 13.1 - ngc2edif O.40d (nt64)
Copyright (c) 1995-2011 Xilinx, Inc.  All rights reserved.
Reading design BINARYTOGRAY.ngc ...
WARNING:NetListWriters:298 - No output is written to BINARYTOGRAY.xncf, ignored.
Processing design ...
   Preping design's networks ...
   Preping design's macros ...
  finished :Prep
Writing EDIF netlist file BINARYTOGRAY.edif ...
ngc2edif: Total memory usage is 69704 kilobytes

Release 13.1 - ngc2edif O.40d (nt64)
Copyright (c) 1995-2011 Xilinx, Inc.  All rights reserved.
Reading design BINARYTOGRAY.ngc ...
WARNING:NetListWriters:298 - No output is written to BINARYTOGRAY.xncf, ignored.
Processing design ...
   Preping design's networks ...
   Preping design's macros ...
  finished :Prep
Writing EDIF netlist file BINARYTOGRAY.edif ...
ngc2edif: Total memory usage is 69896 kilobytes

Release 13.1 - ngc2edif O.40d (nt64)
Copyright (c) 1995-2011 Xilinx, Inc.  All rights reserved.
Reading design BINARYTOGRAY.ngc ...
WARNING:NetListWriters:298 - No output is written to BINARYTOGRAY.xncf, ignored.
Processing design ...
   Preping design's networks ...
   Preping design's macros ...
  finished :Prep
Writing EDIF netlist file BINARYTOGRAY.edif ...
ngc2edif: Total memory usage is 69832 kilobytes

